0.5, 0.01, 1, 3, 0.12484821765485465, -0.05774191745264856
0.5, 0.01, 1, 5, 0.15771485380754724, -0.04135807207643927
0.5, 0.01, 1, 7, 0.20439879172184905, -0.04296703616221309
0.5, 0.01, 1, 10, 0.19229238854677289, -0.06169905067542225
0.5, 0.01, 1, 15, 0.20553654370806118, -0.04227798947809991
0.5, 0.01, 1, 20, 0.23546133849262363, -0.0392864270973724
0.5, 0.01, 1, 30, 0.10624840985176731, -0.07781699883188697
0.5, 0.01, 3, 3, 0.043184454856611154, -0.047315076535347944
0.5, 0.01, 3, 5, 0.05321152535665563, -0.030911055657919073
0.5, 0.01, 3, 7, 0.0569148878905974, -0.029461080362583214
0.5, 0.01, 3, 10, 0.05189342575413436, -0.024057249902997402
0.5, 0.01, 3, 15, 0.05270813913247285, -0.025692785860563783
0.5, 0.01, 3, 20, 0.06352225869721839, -0.022525477830604324
0.5, 0.01, 3, 30, 0.044204280820626884, -0.028719971144314904
0.5, 0.01, 5, 3, 0.057564625395616575, -0.015833617773424846
0.5, 0.01, 5, 5, 0.04091126849099158, -0.029059386497142237
0.5, 0.01, 5, 7, 0.04883330375504924, -0.028501451610431605
0.5, 0.01, 5, 10, 0.06029990995346335, -0.02029577411653094
0.5, 0.01, 5, 15, 0.03223358020595968, -0.026211791391837602
0.5, 0.01, 5, 20, 0.03513362986979773, -0.02642069973923744
0.5, 0.01, 5, 30, 0.018285107233698472, -0.028691964959121075
0.5, 0.01, 10, 3, 0.06377209750691448, -0.012644628491740306
0.5, 0.01, 10, 5, 0.05318553595499309, -0.018647505183610802
0.5, 0.01, 10, 7, 0.05440907643992321, -0.017212101010191105
0.5, 0.01, 10, 10, 0.07037563091361809, -0.013457747482702898
0.5, 0.01, 10, 15, 0.04139286365894601, -0.015599162257493693
0.5, 0.01, 10, 20, 0.04669863835477073, -0.017133527833716022
0.5, 0.01, 10, 30, 0.03848478541484712, -0.01778795773866304
0.5, 0.01, 15, 3, 0.06197933557118951, -0.016483196514005538
0.5, 0.01, 15, 5, 0.07212783012090251, -0.009821698394031242
0.5, 0.01, 15, 7, 0.06951835584824595, -0.014960710578491576
0.5, 0.01, 15, 10, 0.07479974358366026, -0.014438162830766044
0.5, 0.01, 15, 15, 0.044635552174304705, -0.01616035012821415
0.5, 0.01, 15, 20, 0.04048564163456314, -0.019757507687083842
0.5, 0.01, 15, 30, 0.03766608029513652, -0.021621246944576233
0.5, 0.01, 20, 3, 0.053750999665335586, -0.016174331841669165
0.5, 0.01, 20, 5, 0.05846098287099899, -0.012427149969612139
0.5, 0.01, 20, 7, 0.06872571611021105, -0.014186007126084088
0.5, 0.01, 20, 10, 0.0672255592680655, -0.014026370490080375
0.5, 0.01, 20, 15, 0.04879490457451552, -0.015048135526530393
0.5, 0.01, 20, 20, 0.040584311294062925, -0.01603935547426183
0.5, 0.01, 20, 30, 0.02884242078455257, -0.019215493117998972
0.5, 0.01, 25, 3, 0.04589673023891594, -0.01711832257934509
0.5, 0.01, 25, 5, 0.04434234409159665, -0.011297713188325176
0.5, 0.01, 25, 7, 0.054351477465808484, -0.01375471762435243
0.5, 0.01, 25, 10, 0.0527671437624877, -0.011593885036455753
0.5, 0.01, 25, 15, 0.028395715763322116, -0.016869115947584445
0.5, 0.01, 25, 20, 0.023911745172945587, -0.014346718981717799
0.5, 0.01, 25, 30, 0.020845590246759693, -0.015749991952389797
0.5, 0.01, 30, 3, 0.04107895167062936, -0.017104130566785614
0.5, 0.01, 30, 5, 0.03828719615437759, -0.013280891057637745
0.5, 0.01, 30, 7, 0.043291321371659475, -0.016283200505180284
0.5, 0.01, 30, 10, 0.044696607291670354, -0.01259438693113557
0.5, 0.01, 30, 15, 0.021503859178598983, -0.015109386415491088
0.5, 0.01, 30, 20, 0.015559822652786659, -0.013239060974420513
0.5, 0.01, 30, 30, 0.013268442053123275, -0.019081847668687257
0.5, 0.03, 1, 3, 0.39660909484335405, -0.17023847339279774
0.5, 0.03, 1, 5, 0.5235711902520561, -0.11385632448152783
0.5, 0.03, 1, 7, 0.7054039717405591, -0.11831817819525003
0.5, 0.03, 1, 10, 0.650353858837954, -0.1783712224730799
0.5, 0.03, 1, 15, 0.7213462669517174, -0.12400926706654258
0.5, 0.03, 1, 20, 0.8385745664044297, -0.11327372983732698
0.5, 0.03, 1, 30, 0.33143572803267096, -0.2152947600810473
0.5, 0.03, 3, 3, 0.12395442924990685, -0.13259916147312334
0.5, 0.03, 3, 5, 0.15899083845343376, -0.08688478719258375
0.5, 0.03, 3, 7, 0.1795912365464376, -0.08178594530383332
0.5, 0.03, 3, 10, 0.16277867213483788, -0.07086033769590017
0.5, 0.03, 3, 15, 0.16286972496488517, -0.07556921561646868
0.5, 0.03, 3, 20, 0.20439621627501237, -0.06621710825433025
0.5, 0.03, 3, 30, 0.1419731862891238, -0.08309161267776233
0.5, 0.03, 5, 3, 0.1715317629516797, -0.04608280760384331
0.5, 0.03, 5, 5, 0.11702249360477168, -0.08642878795405229
0.5, 0.03, 5, 7, 0.14807426413715707, -0.07802252169361856
0.5, 0.03, 5, 10, 0.18520050585729764, -0.05626157270114984
0.5, 0.03, 5, 15, 0.09383686990251117, -0.08201116319209856
0.5, 0.03, 5, 20, 0.10501309544612747, -0.08338141223351148
0.5, 0.03, 5, 30, 0.05565736694228862, -0.09034945998814492
0.5, 0.03, 10, 3, 0.19856360160143538, -0.03628938248424163
0.5, 0.03, 10, 5, 0.16262791777249586, -0.051295206522409154
0.5, 0.03, 10, 7, 0.16895049297058562, -0.04685518867037408
0.5, 0.03, 10, 10, 0.2212754282892766, -0.039109705932573235
0.5, 0.03, 10, 15, 0.12464715349149924, -0.0459496793095826
0.5, 0.03, 10, 20, 0.14161062783552314, -0.050405983905241314
0.5, 0.03, 10, 30, 0.11794573335424197, -0.052514094472066675
0.5, 0.03, 15, 3, 0.19456753880899225, -0.04594123067125444
0.5, 0.03, 15, 5, 0.22820787984760682, -0.02676586248229562
0.5, 0.03, 15, 7, 0.21947003943436738, -0.04374383894483924
0.5, 0.03, 15, 10, 0.2366353459632986, -0.042534755522929735
0.5, 0.03, 15, 15, 0.13590798914388036, -0.047401088986052886
0.5, 0.03, 15, 20, 0.1214477956726634, -0.05782864251861275
0.5, 0.03, 15, 30, 0.11422591037413676, -0.06331093810934463
0.5, 0.03, 20, 3, 0.16836612883573077, -0.04674808463957836
0.5, 0.03, 20, 5, 0.18306216316916757, -0.03350095289328647
0.5, 0.03, 20, 7, 0.21982345739669973, -0.040672161770929915
0.5, 0.03, 20, 10, 0.21619163786020779, -0.0413895354678232
0.5, 0.03, 20, 15, 0.15298091468970854, -0.04355376885842599
0.5, 0.03, 20, 20, 0.12541787677906457, -0.04706624057647424
0.5, 0.03, 20, 30, 0.08899215049654852, -0.056424625715775445
0.5, 0.03, 25, 3, 0.14292010417438772, -0.05056957168894649
0.5, 0.03, 25, 5, 0.1376984708963327, -0.031481147563154566
0.5, 0.03, 25, 7, 0.17256063222276552, -0.037302753421580515
0.5, 0.03, 25, 10, 0.1679589829836443, -0.034313746399356915
0.5, 0.03, 25, 15, 0.08796223796849123, -0.049028039532483025
0.5, 0.03, 25, 20, 0.0732433337222127, -0.042261436583674206
0.5, 0.03, 25, 30, 0.06444109409825205, -0.046500419396048986
0.5, 0.03, 30, 3, 0.1270269506155366, -0.05031912864618182
0.5, 0.03, 30, 5, 0.11795868564741152, -0.0380484750690987
0.5, 0.03, 30, 7, 0.13627059703133448, -0.045126875941057465
0.5, 0.03, 30, 10, 0.14138852299940585, -0.03521591696138682
0.5, 0.03, 30, 15, 0.06577459240248884, -0.04409448032981633
0.5, 0.03, 30, 20, 0.04743381736831753, -0.03906232285073408
0.5, 0.03, 30, 30, 0.040289033932794815, -0.05617526707481868
0.5, 0.05, 1, 3, 0.7159491647974847, -0.26802554725622685
0.5, 0.05, 1, 5, 1.0362553293720045, -0.15097421229965957
0.5, 0.05, 1, 7, 1.3473364685684595, -0.16765085275180835
0.5, 0.05, 1, 10, 1.197600014702568, -0.3000735830064155
0.5, 0.05, 1, 15, 1.4167070971811913, -0.2147660438893252
0.5, 0.05, 1, 20, 1.5901163111878183, -0.18825929242082862
0.5, 0.05, 1, 30, 0.5770580414075581, -0.33029884902075324
0.5, 0.05, 3, 3, 0.2474419383144597, -0.17944566691506258
0.5, 0.05, 3, 5, 0.3206985583040667, -0.10598461651412516
0.5, 0.05, 3, 7, 0.3601217460354895, -0.10501577440510257
0.5, 0.05, 3, 10, 0.31104243514077345, -0.10396274015894591
0.5, 0.05, 3, 15, 0.3046951378066054, -0.11758701516679415
0.5, 0.05, 3, 20, 0.3781032566428715, -0.10600375834527764
0.5, 0.05, 3, 30, 0.2470584227033723, -0.13742696726599346
0.5, 0.05, 5, 3, 0.30164661357450706, -0.06816077708172918
0.5, 0.05, 5, 5, 0.23125074231921716, -0.10471205189742627
0.5, 0.05, 5, 7, 0.27956101588318605, -0.09508009939697859
0.5, 0.05, 5, 10, 0.33131127410736894, -0.08030079475962837
0.5, 0.05, 5, 15, 0.18854704061976624, -0.12942894805883653
0.5, 0.05, 5, 20, 0.1986686893724754, -0.1335090232271824
0.5, 0.05, 5, 30, 0.1065512581049286, -0.1483584012874939
0.5, 0.05, 10, 3, 0.3322598250766571, -0.057722863148498504
0.5, 0.05, 10, 5, 0.28659588293622607, -0.06903638084753339
0.5, 0.05, 10, 7, 0.2900027383780468, -0.0620240547384765
0.5, 0.05, 10, 10, 0.3735693288489075, -0.06265376058369754
0.5, 0.05, 10, 15, 0.2150798249837309, -0.07517495359339987
0.5, 0.05, 10, 20, 0.23233191569708755, -0.08209237398744196
0.5, 0.05, 10, 30, 0.19718155551463834, -0.08618555342412537
0.5, 0.05, 15, 3, 0.3409589331744285, -0.06466100120182439
0.5, 0.05, 15, 5, 0.40939428381490073, -0.0406283895154772
0.5, 0.05, 15, 7, 0.3902100786866025, -0.0684211719232436
0.5, 0.05, 15, 10, 0.41311918120464086, -0.06784015344402339
0.5, 0.05, 15, 15, 0.23604030887216965, -0.07654508570735485
0.5, 0.05, 15, 20, 0.19919791178618373, -0.09176328967690117
0.5, 0.05, 15, 30, 0.19186614920702127, -0.10089724302907921
0.5, 0.05, 20, 3, 0.29616342783038685, -0.06732843978903846
0.5, 0.05, 20, 5, 0.3255298325445337, -0.04278783492299476
0.5, 0.05, 20, 7, 0.397396917972205, -0.06270670548059143
0.5, 0.05, 20, 10, 0.3871510794585029, -0.06579453236312838
0.5, 0.05, 20, 15, 0.2642736286154006, -0.06395623339573131
0.5, 0.05, 20, 20, 0.20404443620604384, -0.07597217117706057
0.5, 0.05, 20, 30, 0.14453941841244022, -0.09117544456126347
0.5, 0.05, 25, 3, 0.2413858758487215, -0.07573621148026177
0.5, 0.05, 25, 5, 0.2414642244644103, -0.04195817897731913
0.5, 0.05, 25, 7, 0.30926342387692807, -0.04998553197496425
0.5, 0.05, 25, 10, 0.29542955984928, -0.05699911224439502
0.5, 0.05, 25, 15, 0.1505451156308566, -0.07296940878511571
0.5, 0.05, 25, 20, 0.11636925674762932, -0.06669583206862528
0.5, 0.05, 25, 30, 0.10049731849001065, -0.07789879203969419
0.5, 0.05, 30, 3, 0.2129194032704762, -0.07542338102936075
0.5, 0.05, 30, 5, 0.205651485408608, -0.053352063899448354
0.5, 0.05, 30, 7, 0.24496933868246984, -0.05862274625688557
0.5, 0.05, 30, 10, 0.24941569150014553, -0.05868639126876107
0.5, 0.05, 30, 15, 0.11227529539859948, -0.06668549500622756
0.5, 0.05, 30, 20, 0.07545451439807227, -0.062036843201391245
0.5, 0.05, 30, 30, 0.059698750896700625, -0.09254654096513093
0.5, 0.1, 1, 3, 2.1625470660544917, -0.35524712342542597
0.5, 0.1, 1, 5, 2.902689502632137, -0.20067523511625995
0.5, 0.1, 1, 7, 3.515122537140619, -0.32385697147854264
0.5, 0.1, 1, 10, 3.2414698739503534, -0.4594376384740463
0.5, 0.1, 1, 15, 3.5214372273508703, -0.3855696126616772
0.5, 0.1, 1, 20, 4.289927254064351, -0.3440875716849032
0.5, 0.1, 1, 30, 1.412868707849603, -0.4614414366928149
0.5, 0.1, 3, 3, 0.7891146386140029, -0.19733918522908123
0.5, 0.1, 3, 5, 0.9230991626009852, -0.13989698742233092
0.5, 0.1, 3, 7, 0.9907659922965679, -0.155412354459455
0.5, 0.1, 3, 10, 0.8537526597066667, -0.1532849492628755
0.5, 0.1, 3, 15, 0.7761881149304866, -0.18388918958893752
0.5, 0.1, 3, 20, 0.9987471294512464, -0.15791008547418572
0.5, 0.1, 3, 30, 0.660969032817075, -0.19350589025920406
0.5, 0.1, 5, 3, 0.7247186404319605, -0.09437511957755007
0.5, 0.1, 5, 5, 0.5818604835924832, -0.11940556692329884
0.5, 0.1, 5, 7, 0.6628060464275494, -0.12515140152405646
0.5, 0.1, 5, 10, 0.7525492936803706, -0.13454487415923322
0.5, 0.1, 5, 15, 0.4847599593872485, -0.1999163524278884
0.5, 0.1, 5, 20, 0.5074503303923008, -0.20919679833095106
0.5, 0.1, 5, 30, 0.301848858597779, -0.22800414179994766
0.5, 0.1, 10, 3, 0.6713805116805971, -0.09319865031385155
0.5, 0.1, 10, 5, 0.6061537033132258, -0.09406935776249403
0.5, 0.1, 10, 7, 0.5915070573318553, -0.09938846486412323
0.5, 0.1, 10, 10, 0.7434452448517905, -0.09923395807846813
0.5, 0.1, 10, 15, 0.4537337085209965, -0.11499393064509689
0.5, 0.1, 10, 20, 0.45495201196392077, -0.12690372535713157
0.5, 0.1, 10, 30, 0.4176736003820012, -0.12169440334822312
0.5, 0.1, 15, 3, 0.7250168418217313, -0.08812203651824357
0.5, 0.1, 15, 5, 0.8950249720951269, -0.054732260051694404
0.5, 0.1, 15, 7, 0.8152286818356194, -0.09544636166243414
0.5, 0.1, 15, 10, 0.8717651029872899, -0.09161049279589073
0.5, 0.1, 15, 15, 0.49174734752052274, -0.10637751040630239
0.5, 0.1, 15, 20, 0.38867952626025026, -0.12533501771431477
0.5, 0.1, 15, 30, 0.4029858435323854, -0.13224683902356615
0.5, 0.1, 20, 3, 0.5942489324621627, -0.0902901571988306
0.5, 0.1, 20, 5, 0.6804647272019622, -0.05172830440129461
0.5, 0.1, 20, 7, 0.7772313386358818, -0.09705500066840889
0.5, 0.1, 20, 10, 0.7660945379678492, -0.09915737256202373
0.5, 0.1, 20, 15, 0.4818735374165861, -0.09782690321417253
0.5, 0.1, 20, 20, 0.3484375150408079, -0.11542584265524836
0.5, 0.1, 20, 30, 0.28693254429983495, -0.12983134833734167
0.5, 0.1, 25, 3, 0.45979429325912125, -0.10024249087478021
0.5, 0.1, 25, 5, 0.48687493478235644, -0.0736409857085254
0.5, 0.1, 25, 7, 0.5858801704381889, -0.08181032513193032
0.5, 0.1, 25, 10, 0.5621451341396824, -0.09022861019272987
0.5, 0.1, 25, 15, 0.2676590442849698, -0.11642463218066668
0.5, 0.1, 25, 20, 0.192525517947002, -0.11646286596962852
0.5, 0.1, 25, 30, 0.19700525637359978, -0.11667655886135109
0.5, 0.1, 30, 3, 0.3979370431631113, -0.09903405801665344
0.5, 0.1, 30, 5, 0.4122919996753862, -0.06917398687373022
0.5, 0.1, 30, 7, 0.4742559922460503, -0.08000854765115772
0.5, 0.1, 30, 10, 0.46795174023055064, -0.09148245500663232
0.5, 0.1, 30, 15, 0.20139274201907953, -0.11203826903448377
0.5, 0.1, 30, 20, 0.12985625621351127, -0.10075362625958173
0.5, 0.1, 30, 30, 0.13111680212851806, -0.13679794989144423
0.5, 0.2, 1, 3, 4.914040378069796, -0.4031419930996403
0.5, 0.2, 1, 5, 6.704443385410579, -0.25169054668155777
0.5, 0.2, 1, 7, 7.019178474913293, -0.5046685092058342
0.5, 0.2, 1, 10, 6.613699765086483, -0.6067688674791478
0.5, 0.2, 1, 15, 6.798329061142216, -0.5530337029270322
0.5, 0.2, 1, 20, 10.088759877756155, -0.4926816284447243
0.5, 0.2, 1, 30, 2.9277861996968735, -0.558549920670857
0.5, 0.2, 3, 3, 1.5831144819667773, -0.2067814603985163
0.5, 0.2, 3, 5, 1.7514638682280044, -0.14656099763054864
0.5, 0.2, 3, 7, 1.7891780233481485, -0.18471832353404882
0.5, 0.2, 3, 10, 1.5255103591317973, -0.21083383603624883
0.5, 0.2, 3, 15, 1.3771356364743523, -0.23758825876560685
0.5, 0.2, 3, 20, 1.9305353130524603, -0.20183416103312735
0.5, 0.2, 3, 30, 1.253164459753287, -0.232688857817254
0.5, 0.2, 5, 3, 1.178625248043946, -0.10120632447843803
0.5, 0.2, 5, 5, 0.9474464259961779, -0.13565901414294845
0.5, 0.2, 5, 7, 1.0108458871855972, -0.13872338709778298
0.5, 0.2, 5, 10, 1.2047070913745168, -0.1739270217626624
0.5, 0.2, 5, 15, 0.8300511539654167, -0.2422510487176769
0.5, 0.2, 5, 20, 0.9576930163128157, -0.2420538647315008
0.5, 0.2, 5, 30, 0.6042073181875998, -0.2604515714775001
0.5, 0.2, 10, 3, 1.025660511077767, -0.11780247750798145
0.5, 0.2, 10, 5, 0.8974942805243944, -0.10432387939661569
0.5, 0.2, 10, 7, 0.8193574418471381, -0.14348515806771667
0.5, 0.2, 10, 10, 1.0328525827947317, -0.15509379378484134
0.5, 0.2, 10, 15, 0.6641722247783788, -0.15951368303494529
0.5, 0.2, 10, 20, 0.7046825102223808, -0.16267891105131038
0.5, 0.2, 10, 30, 0.6654436215031854, -0.16293483674350906
0.5, 0.2, 15, 3, 1.0378883556651206, -0.09922190944057996
0.5, 0.2, 15, 5, 1.2661341419223935, -0.06990082606080916
0.5, 0.2, 15, 7, 1.0990148027883935, -0.11827829565983605
0.5, 0.2, 15, 10, 1.1887106992937366, -0.11798902643188758
0.5, 0.2, 15, 15, 0.7172217630836444, -0.12880203538331159
0.5, 0.2, 15, 20, 0.5568269617054888, -0.14455921674462457
0.5, 0.2, 15, 30, 0.5888040152199459, -0.1563026993412967
0.5, 0.2, 20, 3, 0.7963982080541276, -0.10111404762378184
0.5, 0.2, 20, 5, 0.9274898729079399, -0.07243118338733912
0.5, 0.2, 20, 7, 0.9938278066332895, -0.10946640051269918
0.5, 0.2, 20, 10, 0.9982199284583799, -0.11329469798718894
0.5, 0.2, 20, 15, 0.6195928563306878, -0.11298339640261557
0.5, 0.2, 20, 20, 0.44382200715636877, -0.12821611731287397
0.5, 0.2, 20, 30, 0.3954773362703736, -0.16394054536557945
0.5, 0.2, 25, 3, 0.5673324477718562, -0.1187841917636735
0.5, 0.2, 25, 5, 0.6064102076733682, -0.10959037439394692
0.5, 0.2, 25, 7, 0.6850878904223119, -0.11066938233254975
0.5, 0.2, 25, 10, 0.6683049364158622, -0.10766939460828528
0.5, 0.2, 25, 15, 0.31560849060289287, -0.14029261471810528
0.5, 0.2, 25, 20, 0.2212148705346748, -0.13206211927573974
0.5, 0.2, 25, 30, 0.2529561713619697, -0.15572537667302633
0.5, 0.2, 30, 3, 0.5018357224522598, -0.11101476621858486
0.5, 0.2, 30, 5, 0.521659503835959, -0.10869986337269988
0.5, 0.2, 30, 7, 0.5717081879049051, -0.10325920346304429
0.5, 0.2, 30, 10, 0.576542336999176, -0.10325189648631472
0.5, 0.2, 30, 15, 0.2564150382965986, -0.13664096006175763
0.5, 0.2, 30, 20, 0.1547043366384644, -0.12289700267894654
0.5, 0.2, 30, 30, 0.17717421538228817, -0.17000939395442782
0.8, 0.01, 1, 3, 0.14316899783074932, -0.009432755324598308
0.8, 0.01, 1, 5, 0.14832995286276462, -0.03553605558580819
0.8, 0.01, 1, 7, 0.19846180989424234, -0.03686921945861543
0.8, 0.01, 1, 10, 0.17836916270662662, -0.0351296321517206
0.8, 0.01, 1, 15, 0.17535989031249666, -0.04149448442080095
0.8, 0.01, 1, 20, 0.21385249848572108, -0.028399519993775657
0.8, 0.01, 1, 30, 0.12007088990897175, -0.05348718920420359
0.8, 0.01, 3, 3, 0.062384976917416735, -0.013992048760098852
0.8, 0.01, 3, 5, 0.057876863032459536, -0.023505926922925635
0.8, 0.01, 3, 7, 0.06702833686829934, -0.018643548765903795
0.8, 0.01, 3, 10, 0.05609943945364049, -0.018071465503750272
0.8, 0.01, 3, 15, 0.0554793445222157, -0.024909888334876618
0.8, 0.01, 3, 20, 0.06563607520867132, -0.019092735193636412
0.8, 0.01, 3, 30, 0.04959430046241975, -0.022619909014372497
0.8, 0.01, 5, 3, 0.05562179221800467, -0.009083785321410076
0.8, 0.01, 5, 5, 0.04053010099295462, -0.022861735492438084
0.8, 0.01, 5, 7, 0.05079613718307674, -0.015773370662503394
0.8, 0.01, 5, 10, 0.059644659164878044, -0.01592460455484157
0.8, 0.01, 5, 15, 0.034535442803631966, -0.022190981423485745
0.8, 0.01, 5, 20, 0.03621130065140421, -0.021570731186096648
0.8, 0.01, 5, 30, 0.01787145870762674, -0.027182655075465578
0.8, 0.01, 10, 3, 0.06587906416559641, -0.008565812330216582
0.8, 0.01, 10, 5, 0.05848821043981722, -0.010154758845141276
0.8, 0.01, 10, 7, 0.06297058683451207, -0.01044993460158583
0.8, 0.01, 10, 10, 0.0740808006109106, -0.011439006385455475
0.8, 0.01, 10, 15, 0.04831893934290643, -0.011970694135850724
0.8, 0.01, 10, 20, 0.05700193604513082, -0.010004434555737074
0.8, 0.01, 10, 30, 0.038941924341436396, -0.0113173068702348
0.8, 0.01, 15, 3, 0.07070389326272775, -0.006565091479687313
0.8, 0.01, 15, 5, 0.07210836389388708, -0.00711576229986155
0.8, 0.01, 15, 7, 0.07602491008500856, -0.008334089632173303
0.8, 0.01, 15, 10, 0.07426070448729472, -0.008824090635702553
0.8, 0.01, 15, 15, 0.048101320784968316, -0.009167941285746939
0.8, 0.01, 15, 20, 0.048410920489572185, -0.010412060612659424
0.8, 0.01, 15, 30, 0.04043682480854449, -0.011300498958809135
0.8, 0.01, 20, 3, 0.06138046767229888, -0.006450438124115165
0.8, 0.01, 20, 5, 0.06114100913181497, -0.00615897860832082
0.8, 0.01, 20, 7, 0.07682569413732132, -0.00804183367904443
0.8, 0.01, 20, 10, 0.07134787944092302, -0.006631398808697342
0.8, 0.01, 20, 15, 0.05301494004519358, -0.009270017633944305
0.8, 0.01, 20, 20, 0.048976042085390414, -0.009570172656166998
0.8, 0.01, 20, 30, 0.033911534589823766, -0.009937695497189813
0.8, 0.01, 25, 3, 0.047725324887145204, -0.008112543206498457
0.8, 0.01, 25, 5, 0.044846853923651064, -0.006124060747070059
0.8, 0.01, 25, 7, 0.05895376489819437, -0.005893536736146232
0.8, 0.01, 25, 10, 0.05411109248042645, -0.008138422821061586
0.8, 0.01, 25, 15, 0.029987572771707605, -0.010939575681206404
0.8, 0.01, 25, 20, 0.028362351532057684, -0.009482206670738624
0.8, 0.01, 25, 30, 0.023602203683135148, -0.009117213082397324
0.8, 0.01, 30, 3, 0.037896777149005745, -0.009194681356792911
0.8, 0.01, 30, 5, 0.035531754487451384, -0.00817059798831632
0.8, 0.01, 30, 7, 0.04421655660175006, -0.01038078347198046
0.8, 0.01, 30, 10, 0.041324229316644034, -0.012058939512787359
0.8, 0.01, 30, 15, 0.019851403657059397, -0.010611284588892711
0.8, 0.01, 30, 20, 0.016314944691276922, -0.00947284825504191
0.8, 0.01, 30, 30, 0.013377729465863464, -0.011942489009737045
0.8, 0.03, 1, 3, 0.4762282483664666, -0.028298265973795145
0.8, 0.03, 1, 5, 0.5002666821738826, -0.10064518760478125
0.8, 0.03, 1, 7, 0.6985816038782853, -0.10454101574373176
0.8, 0.03, 1, 10, 0.6124511400442709, -0.09571740711227772
0.8, 0.03, 1, 15, 0.6067941845399836, -0.11361294615572481
0.8, 0.03, 1, 20, 0.7557445342194224, -0.08373308344245434
0.8, 0.03, 1, 30, 0.3932508273419546, -0.1470501118726112
0.8, 0.03, 3, 3, 0.1902313340017623, -0.040841060608986623
0.8, 0.03, 3, 5, 0.17714402181078337, -0.06622206499081107
0.8, 0.03, 3, 7, 0.21573239236554276, -0.05186618211183969
0.8, 0.03, 3, 10, 0.1794214541654502, -0.049579606755519756
0.8, 0.03, 3, 15, 0.17441902906966633, -0.06685389214944437
0.8, 0.03, 3, 20, 0.2123595128339537, -0.05241104616044623
0.8, 0.03, 3, 30, 0.16062707650112573, -0.061151390812414164
0.8, 0.03, 5, 3, 0.1684743112475522, -0.02690865245740426
0.8, 0.03, 5, 5, 0.11864433900324789, -0.06969469191900046
0.8, 0.03, 5, 7, 0.1584236521448743, -0.0418021585546926
0.8, 0.03, 5, 10, 0.18750019818890684, -0.04377668239008381
0.8, 0.03, 5, 15, 0.10460200063290848, -0.06447217140942141
0.8, 0.03, 5, 20, 0.1114162691610121, -0.06462473529874457
0.8, 0.03, 5, 30, 0.05716262644974224, -0.08021015845745594
0.8, 0.03, 10, 3, 0.2067858257743338, -0.023499814556864784
0.8, 0.03, 10, 5, 0.18058752083224983, -0.0285053684212051
0.8, 0.03, 10, 7, 0.1981310794154274, -0.029820916456588464
0.8, 0.03, 10, 10, 0.2366253018265465, -0.03274446522776142
0.8, 0.03, 10, 15, 0.14950663072156645, -0.03447403520579395
0.8, 0.03, 10, 20, 0.17778257128552633, -0.02774184094180132
0.8, 0.03, 10, 30, 0.12180720659008903, -0.03145672528936294
0.8, 0.03, 15, 3, 0.22488682058996323, -0.01823673663492853
0.8, 0.03, 15, 5, 0.227658606610041, -0.019800760920712923
0.8, 0.03, 15, 7, 0.2424831241544736, -0.024323477606721378
0.8, 0.03, 15, 10, 0.2369171928470144, -0.024914332227607083
0.8, 0.03, 15, 15, 0.14882905386252432, -0.02562148099499162
0.8, 0.03, 15, 20, 0.1488013303290434, -0.03048645189439092
0.8, 0.03, 15, 30, 0.12469448022596619, -0.03311841115781622
0.8, 0.03, 20, 3, 0.19439633284531554, -0.01838427067319237
0.8, 0.03, 20, 5, 0.191699777179398, -0.016826418411512112
0.8, 0.03, 20, 7, 0.24781138313128737, -0.02357753994491041
0.8, 0.03, 20, 10, 0.2312595450415229, -0.019282418949034263
0.8, 0.03, 20, 15, 0.16742845100807235, -0.026328966644150298
0.8, 0.03, 20, 20, 0.15328018520358122, -0.02815252680959801
0.8, 0.03, 20, 30, 0.10598231198107033, -0.02926703164053135
0.8, 0.03, 25, 3, 0.1496748818230862, -0.024536379463635516
0.8, 0.03, 25, 5, 0.1393041395849528, -0.018272350676144966
0.8, 0.03, 25, 7, 0.18809801994804776, -0.017302018682443965
0.8, 0.03, 25, 10, 0.1735967297790375, -0.021761392065645202
0.8, 0.03, 25, 15, 0.09372472097748918, -0.03148451256653506
0.8, 0.03, 25, 20, 0.08798235350955852, -0.02828481806516092
0.8, 0.03, 25, 30, 0.07409367059443372, -0.026951101211799
0.8, 0.03, 30, 3, 0.1177070254186996, -0.02746910877742248
0.8, 0.03, 30, 5, 0.10941220225215331, -0.02357908291481514
0.8, 0.03, 30, 7, 0.13977250523221985, -0.028004037591850772
0.8, 0.03, 30, 10, 0.13169155637008823, -0.03292848671182036
0.8, 0.03, 30, 15, 0.06143233545942106, -0.03073485716129465
0.8, 0.03, 30, 20, 0.05059592953340708, -0.02824108734648778
0.8, 0.03, 30, 30, 0.04165136948137338, -0.03527720712184368
0.8, 0.05, 1, 3, 0.8774920232888075, -0.04716377662299176
0.8, 0.05, 1, 5, 1.0013954717969242, -0.13253164815878893
0.8, 0.05, 1, 7, 1.3688996109305682, -0.14029351770302445
0.8, 0.05, 1, 10, 1.1763836957650642, -0.11693705540098553
0.8, 0.05, 1, 15, 1.1853215860713933, -0.1460630674227147
0.8, 0.05, 1, 20, 1.4211763688196313, -0.14035755390279292
0.8, 0.05, 1, 30, 0.7284013464666945, -0.20300745301932077
0.8, 0.05, 3, 3, 0.32350721891731626, -0.0543729172929297
0.8, 0.05, 3, 5, 0.3007477939963725, -0.09117731372611959
0.8, 0.05, 3, 7, 0.3691998357689801, -0.07911470529509002
0.8, 0.05, 3, 10, 0.30750668222638855, -0.07422443796996958
0.8, 0.05, 3, 15, 0.3007877261348175, -0.09876680905264368
0.8, 0.05, 3, 20, 0.3654403205912131, -0.08841282747651202
0.8, 0.05, 3, 30, 0.28042064678447964, -0.09489690310367549
0.8, 0.05, 5, 3, 0.27907060461600297, -0.0361246113633098
0.8, 0.05, 5, 5, 0.21160832669231122, -0.089347699965171
0.8, 0.05, 5, 7, 0.27216728748650154, -0.05414419158153294
0.8, 0.05, 5, 10, 0.3261927939948497, -0.06388523369759302
0.8, 0.05, 5, 15, 0.20118598937138454, -0.09660615208154177
0.8, 0.05, 5, 20, 0.20545231335216174, -0.09974154353842835
0.8, 0.05, 5, 30, 0.1187370866727604, -0.11315895637518314
0.8, 0.05, 10, 3, 0.3381470463278684, -0.036727267007689024
0.8, 0.05, 10, 5, 0.30207234946427297, -0.043275563704625264
0.8, 0.05, 10, 7, 0.32407288348016405, -0.04271181744743624
0.8, 0.05, 10, 10, 0.39920810319491506, -0.048059502214615635
0.8, 0.05, 10, 15, 0.2555184433447213, -0.05146968825182052
0.8, 0.05, 10, 20, 0.2929908799091452, -0.04294943599930501
0.8, 0.05, 10, 30, 0.20881911546608722, -0.046882547169137534
0.8, 0.05, 15, 3, 0.3878154176479396, -0.029116628670673772
0.8, 0.05, 15, 5, 0.3925779300665, -0.030542081994745063
0.8, 0.05, 15, 7, 0.41477110168838793, -0.03870793591858568
0.8, 0.05, 15, 10, 0.40869608398186874, -0.0399839447936573
0.8, 0.05, 15, 15, 0.2560300066129615, -0.03774685508564646
0.8, 0.05, 15, 20, 0.2453504963702815, -0.04651867956932976
0.8, 0.05, 15, 30, 0.213675720379078, -0.051464666559296934
0.8, 0.05, 20, 3, 0.33192770171003483, -0.027504576801637426
0.8, 0.05, 20, 5, 0.32654324572464954, -0.0258854924955072
0.8, 0.05, 20, 7, 0.4284972097914055, -0.037923947272912484
0.8, 0.05, 20, 10, 0.40271247459355375, -0.030477537519413733
0.8, 0.05, 20, 15, 0.2808942470884386, -0.038799311672074954
0.8, 0.05, 20, 20, 0.24750724323461037, -0.04607379472823814
0.8, 0.05, 20, 30, 0.17351195494805327, -0.04745182758132982
0.8, 0.05, 25, 3, 0.24834206882847787, -0.03875745956319676
0.8, 0.05, 25, 5, 0.23511478012304732, -0.03000590021804017
0.8, 0.05, 25, 7, 0.3236164345690087, -0.02864576940605701
0.8, 0.05, 25, 10, 0.29893720370849564, -0.03254755531220743
0.8, 0.05, 25, 15, 0.15547896135755135, -0.04800622151073064
0.8, 0.05, 25, 20, 0.1396986140324199, -0.04474011993215554
0.8, 0.05, 25, 30, 0.11922430257775063, -0.04445408250600613
0.8, 0.05, 30, 3, 0.19472786195456937, -0.04225900720175635
0.8, 0.05, 30, 5, 0.18581881534066613, -0.03305012817787989
0.8, 0.05, 30, 7, 0.24458009264720304, -0.03589159570292655
0.8, 0.05, 30, 10, 0.23035467431339196, -0.043689394734134135
0.8, 0.05, 30, 15, 0.10400432809109872, -0.0476270704018984
0.8, 0.05, 30, 20, 0.08233703458448427, -0.04444986059574196
0.8, 0.05, 30, 30, 0.06576002211968035, -0.05721480135204948
0.8, 0.1, 1, 3, 2.3757267014664896, -0.08517872701142337
0.8, 0.1, 1, 5, 2.7948334567246063, -0.16854164710533015
0.8, 0.1, 1, 7, 3.805306028981085, -0.20311891017733397
0.8, 0.1, 1, 10, 3.2176644002871617, -0.17588157754779798
0.8, 0.1, 1, 15, 3.1513971963033045, -0.2366855776696547
0.8, 0.1, 1, 20, 4.031862165853432, -0.23664735594232433
0.8, 0.1, 1, 30, 1.8819857096812713, -0.29294334472544126
0.8, 0.1, 3, 3, 0.8221029549154277, -0.05017291535419233
0.8, 0.1, 3, 5, 0.7684748409724365, -0.10360590565671646
0.8, 0.1, 3, 7, 0.9050083986394253, -0.10713293413554459
0.8, 0.1, 3, 10, 0.7809309381432814, -0.11542140863352324
0.8, 0.1, 3, 15, 0.782194131431142, -0.11622209356070023
0.8, 0.1, 3, 20, 0.9808094877966957, -0.1104123577811924
0.8, 0.1, 3, 30, 0.7642205109610816, -0.11222096678577709
0.8, 0.1, 5, 3, 0.6316975163244645, -0.05268875325552158
0.8, 0.1, 5, 5, 0.5157337288367525, -0.0981693471397771
0.8, 0.1, 5, 7, 0.6081931209702229, -0.08650030424012478
0.8, 0.1, 5, 10, 0.7233493373398521, -0.10062415527305413
0.8, 0.1, 5, 15, 0.5364741560994861, -0.13642068401091623
0.8, 0.1, 5, 20, 0.5476469799583907, -0.14589489902634867
0.8, 0.1, 5, 30, 0.3564761503151159, -0.15519221894819768
0.8, 0.1, 10, 3, 0.6759537679302379, -0.055410139415231985
0.8, 0.1, 10, 5, 0.6250972072403185, -0.06721517594288884
0.8, 0.1, 10, 7, 0.6520911723712401, -0.07142560662991315
0.8, 0.1, 10, 10, 0.8215064305832158, -0.08105491337784088
0.8, 0.1, 10, 15, 0.5781167211234235, -0.0877624450123019
0.8, 0.1, 10, 20, 0.62586924982369, -0.08397257026652682
0.8, 0.1, 10, 30, 0.4882215975967912, -0.08953515000118462
0.8, 0.1, 15, 3, 0.8039934244424922, -0.050693374946989556
0.8, 0.1, 15, 5, 0.8433247354696567, -0.04339375440437032
0.8, 0.1, 15, 7, 0.8481052019337676, -0.0532356522355939
0.8, 0.1, 15, 10, 0.8765228566306087, -0.05756827663911246
0.8, 0.1, 15, 15, 0.5681088237204186, -0.06044219842816978
0.8, 0.1, 15, 20, 0.5244827340625791, -0.04856465828537526
0.8, 0.1, 15, 30, 0.4889192154147721, -0.054622400398801174
0.8, 0.1, 20, 3, 0.6394473189738352, -0.04941509110511355
0.8, 0.1, 20, 5, 0.6562767675789425, -0.038220406668665774
0.8, 0.1, 20, 7, 0.8109313625984353, -0.05190869921875019
0.8, 0.1, 20, 10, 0.7975508673601901, -0.04192772887236196
0.8, 0.1, 20, 15, 0.5430693803313338, -0.05004641562004353
0.8, 0.1, 20, 20, 0.4729151238473841, -0.06010696121494652
0.8, 0.1, 20, 30, 0.3755813665489478, -0.05976834327401337
0.8, 0.1, 25, 3, 0.46695037350321944, -0.061453768433353595
0.8, 0.1, 25, 5, 0.4628006569116252, -0.054140575914451095
0.8, 0.1, 25, 7, 0.5975543094386473, -0.04906751124890574
0.8, 0.1, 25, 10, 0.5784149375811161, -0.04677865015302329
0.8, 0.1, 25, 15, 0.3044881912787427, -0.06978267048176179
0.8, 0.1, 25, 20, 0.27395504878551646, -0.058121603145706247
0.8, 0.1, 25, 30, 0.2656566513007701, -0.05511685590625026
0.8, 0.1, 30, 3, 0.36047537966169796, -0.06286608660933557
0.8, 0.1, 30, 5, 0.36847700140258377, -0.04738343414001056
0.8, 0.1, 30, 7, 0.46511434708929933, -0.04778659405326047
0.8, 0.1, 30, 10, 0.44792228168917125, -0.05858884194221947
0.8, 0.1, 30, 15, 0.2128104308299028, -0.07548806648340822
0.8, 0.1, 30, 20, 0.1749836982952866, -0.06179437641312646
0.8, 0.1, 30, 30, 0.16905657223796933, -0.07296001232133864
0.8, 0.2, 1, 3, 5.327342098755725, -0.08907051928295684
0.8, 0.2, 1, 5, 6.871745494154537, -0.15915373668602772
0.8, 0.2, 1, 7, 8.974541626317004, -0.23663720960900814
0.8, 0.2, 1, 10, 7.673142987850797, -0.25823072102687916
0.8, 0.2, 1, 15, 7.513449586172628, -0.3025530292167786
0.8, 0.2, 1, 20, 10.25081916333928, -0.3025181056948788
0.8, 0.2, 1, 30, 4.160177576021073, -0.3539562361630052
0.8, 0.2, 3, 3, 1.5777190832104928, -0.06008733136896127
0.8, 0.2, 3, 5, 1.560826543479155, -0.10398387525929353
0.8, 0.2, 3, 7, 1.7979375073905017, -0.10750941654676194
0.8, 0.2, 3, 10, 1.5890215725936656, -0.12725676512094986
0.8, 0.2, 3, 15, 1.6104950739057484, -0.13184066665628835
0.8, 0.2, 3, 20, 2.0518008148685625, -0.12610357850215026
0.8, 0.2, 3, 30, 1.5179871149334114, -0.12409914408138878
0.8, 0.2, 5, 3, 1.0166726803245085, -0.05801526887126074
0.8, 0.2, 5, 5, 0.897601380595209, -0.09887997662074266
0.8, 0.2, 5, 7, 0.9838867484582372, -0.09271915651256957
0.8, 0.2, 5, 10, 1.2153151634212445, -0.11178576862541656
0.8, 0.2, 5, 15, 0.9722455896595887, -0.15957781900768575
0.8, 0.2, 5, 20, 1.0410130129612658, -0.16324086720232678
0.8, 0.2, 5, 30, 0.7227901723255541, -0.17238171898159382
0.8, 0.2, 10, 3, 1.0566923830064905, -0.06403702220500262
0.8, 0.2, 10, 5, 0.9865360415120736, -0.07673937916261797
0.8, 0.2, 10, 7, 0.9756857524748714, -0.08184162323296751
0.8, 0.2, 10, 10, 1.2605930823675449, -0.09217679311999194
0.8, 0.2, 10, 15, 0.9341900858344703, -0.10208093440007815
0.8, 0.2, 10, 20, 1.0180704494353416, -0.09834501000553109
0.8, 0.2, 10, 30, 0.824886361508169, -0.10534811835284297
0.8, 0.2, 15, 3, 1.1755542756300534, -0.06843373679937659
0.8, 0.2, 15, 5, 1.2628763524744122, -0.048886907815117175
0.8, 0.2, 15, 7, 1.2214602359371463, -0.06745126255802036
0.8, 0.2, 15, 10, 1.3095489735842634, -0.06582685216002848
0.8, 0.2, 15, 15, 0.9026824307996306, -0.06867558963116882
0.8, 0.2, 15, 20, 0.8152960282742145, -0.05032208778058833
0.8, 0.2, 15, 30, 0.7843512801427721, -0.05219426967490404
0.8, 0.2, 20, 3, 0.8897864613758342, -0.0663430471110531
0.8, 0.2, 20, 5, 0.9422200321979526, -0.051589673130238545
0.8, 0.2, 20, 7, 1.103074135713244, -0.06524926805456743
0.8, 0.2, 20, 10, 1.1251533849606834, -0.05304361570901106
0.8, 0.2, 20, 15, 0.7648014848923719, -0.05391036532104909
0.8, 0.2, 20, 20, 0.6683696270833714, -0.057281675345417615
0.8, 0.2, 20, 30, 0.5674893883368637, -0.06121583207686365
0.8, 0.2, 25, 3, 0.6122777560055983, -0.08054265962756202
0.8, 0.2, 25, 5, 0.6261618833746783, -0.07819975179886962
0.8, 0.2, 25, 7, 0.7629024409145038, -0.07102868446245747
0.8, 0.2, 25, 10, 0.7659797297355171, -0.0634063073996094
0.8, 0.2, 25, 15, 0.42084340783207064, -0.0805890842100977
0.8, 0.2, 25, 20, 0.38049844045015146, -0.06446803807614276
0.8, 0.2, 25, 30, 0.3879316666048851, -0.07113858331481138
0.8, 0.2, 30, 3, 0.4763386228997126, -0.07557938231564154
0.8, 0.2, 30, 5, 0.5033219842865901, -0.0655531431616827
0.8, 0.2, 30, 7, 0.6009390197573206, -0.06174275740743951
0.8, 0.2, 30, 10, 0.6030886462347618, -0.06999698719057601
0.8, 0.2, 30, 15, 0.3071261609959248, -0.08628149442854949
0.8, 0.2, 30, 20, 0.24678617312617068, -0.06949090586211659
0.8, 0.2, 30, 30, 0.26014987106875687, -0.08513512245148791
